<?xml version="1.0" encoding="UTF-8"?>
<testsuite name="ru.netology.rest.MobileBankApiTestV4" tests="1" skipped="0" failures="0" errors="0" timestamp="2023-09-05T10:47:28" hostname="DESKTOP-A4940C0" time="4.618">
  <properties/>
  <testcase name="shouldReturnDemoAccounts()" classname="ru.netology.rest.MobileBankApiTestV4" time="4.618"/>
  <system-out><![CDATA[]]></system-out>
  <system-err><![CDATA[Warning: Nashorn engine is planned to be removed from a future JDK release
]]></system-err>
</testsuite>
